<?xml version="1.0" encoding="UTF-8"?>
<!-- Generated by org.testng.reporters.JUnitReportReporter -->
<testsuite hostname="HPXclusive-PC" failures="0" tests="1" name="CucumberOptions.TestRunnerTestNg" time="21.903" errors="0" timestamp="2022-09-05T10:34:42 IST" skipped="0">
  <testcase classname="CucumberOptions.TestRunnerTestNg" name="runScenario" time="21.903"/>
  <system-out/>
</testsuite> <!-- CucumberOptions.TestRunnerTestNg -->
